<?xml version="1.0" encoding="UTF-8"?>
<testng-results ignored="0" total="1" passed="1" failed="0" skipped="0">
  <reporter-output>
  </reporter-output>
  <suite started-at="2024-10-05T03:15:18 PDT" name="Default suite" finished-at="2024-10-05T03:15:43 PDT" duration-ms="25257">
    <groups>
    </groups>
    <test started-at="2024-10-05T03:15:18 PDT" name="Default test" finished-at="2024-10-05T03:15:43 PDT" duration-ms="25257">
      <class name="Testpkg.Hometest1">
        <test-method is-config="true" signature="SetUp()[pri:0, instance:Testpkg.Hometest1@79e4c792]" started-at="2024-10-05T03:15:18 PDT" name="SetUp" finished-at="2024-10-05T03:15:22 PDT" duration-ms="4268" status="PASS">
          <reporter-output>
          </reporter-output>
        </test-method> <!-- SetUp -->
        <test-method signature="verifyhomepageelements()[pri:0, instance:Testpkg.Hometest1@79e4c792]" started-at="2024-10-05T03:15:22 PDT" name="verifyhomepageelements" finished-at="2024-10-05T03:15:43 PDT" duration-ms="20877" status="PASS">
          <reporter-output>
          </reporter-output>
        </test-method> <!-- verifyhomepageelements -->
      </class> <!-- Testpkg.Hometest1 -->
    </test> <!-- Default test -->
  </suite> <!-- Default suite -->
</testng-results>
